This is pdfTeX, Version 3.1415926-2.5-1.40.14 (TeX Live 2013/Debian) (format=pdflatex 2014.10.11)  14 DEC 2014 15:03
entering extended mode
 restricted \write18 enabled.
 %&-line parsing enabled.
**finalProjectWriteup.tex
(./finalProjectWriteup.tex
LaTeX2e <2011/06/27>
Babel <3.9h> and hyphenation patterns for 2 languages loaded.
(/usr/share/texlive/texmf-dist/tex/latex/base/article.cls
Document Class: article 2007/10/19 v1.4h Standard LaTeX document class
(/usr/share/texlive/texmf-dist/tex/latex/base/size11.clo
File: size11.clo 2007/10/19 v1.4h Standard LaTeX file (size option)
)
\c@part=\count79
\c@section=\count80
\c@subsection=\count81
\c@subsubsection=\count82
\c@paragraph=\count83
\c@subparagraph=\count84
\c@figure=\count85
\c@table=\count86
\abovecaptionskip=\skip41
\belowcaptionskip=\skip42
\bibindent=\dimen102
)
(/usr/share/texlive/texmf-dist/tex/latex/graphics/graphicx.sty
Package: graphicx 1999/02/16 v1.0f Enhanced LaTeX Graphics (DPC,SPQR)

(/usr/share/texlive/texmf-dist/tex/latex/graphics/keyval.sty
Package: keyval 1999/03/16 v1.13 key=value parser (DPC)
\KV@toks@=\toks14
)
(/usr/share/texlive/texmf-dist/tex/latex/graphics/graphics.sty
Package: graphics 2009/02/05 v1.0o Standard LaTeX Graphics (DPC,SPQR)

(/usr/share/texlive/texmf-dist/tex/latex/graphics/trig.sty
Package: trig 1999/03/16 v1.09 sin cos tan (DPC)
)
(/usr/share/texlive/texmf-dist/tex/latex/latexconfig/graphics.cfg
File: graphics.cfg 2010/04/23 v1.9 graphics configuration of TeX Live
)
Package graphics Info: Driver file: pdftex.def on input line 91.

(/usr/share/texlive/texmf-dist/tex/latex/pdftex-def/pdftex.def
File: pdftex.def 2011/05/27 v0.06d Graphics/color for pdfTeX

(/usr/share/texlive/texmf-dist/tex/generic/oberdiek/infwarerr.sty
Package: infwarerr 2010/04/08 v1.3 Providing info/warning/error messages (HO)
)
(/usr/share/texlive/texmf-dist/tex/generic/oberdiek/ltxcmds.sty
Package: ltxcmds 2011/11/09 v1.22 LaTeX kernel commands for general use (HO)
)
\Gread@gobject=\count87
))
\Gin@req@height=\dimen103
\Gin@req@width=\dimen104
)
(./finalProjectWriteup.aux

LaTeX Warning: Label `fig:chapter001_dist_001' multiply defined.


LaTeX Warning: Label `fig:chapter001_reward_001' multiply defined.


LaTeX Warning: Label `fig:chapter001_dist_001' multiply defined.


LaTeX Warning: Label `fig:chapter001_reward_001' multiply defined.


LaTeX Warning: Label `fig:chapter001_dist_001' multiply defined.


LaTeX Warning: Label `fig:chapter001_reward_001' multiply defined.


LaTeX Warning: Label `fig:chapter001_dist_001' multiply defined.


LaTeX Warning: Label `fig:chapter001_reward_001' multiply defined.


LaTeX Warning: Label `fig:chapter001_dist_001' multiply defined.


LaTeX Warning: Label `fig:chapter001_reward_001' multiply defined.


LaTeX Warning: Label `fig:chapter001_dist_001' multiply defined.


LaTeX Warning: Label `fig:chapter001_reward_001' multiply defined.

)
\openout1 = `finalProjectWriteup.aux'.

LaTeX Font Info:    Checking defaults for OML/cmm/m/it on input line 5.
LaTeX Font Info:    ... okay on input line 5.
LaTeX Font Info:    Checking defaults for T1/cmr/m/n on input line 5.
LaTeX Font Info:    ... okay on input line 5.
LaTeX Font Info:    Checking defaults for OT1/cmr/m/n on input line 5.
LaTeX Font Info:    ... okay on input line 5.
LaTeX Font Info:    Checking defaults for OMS/cmsy/m/n on input line 5.
LaTeX Font Info:    ... okay on input line 5.
LaTeX Font Info:    Checking defaults for OMX/cmex/m/n on input line 5.
LaTeX Font Info:    ... okay on input line 5.
LaTeX Font Info:    Checking defaults for U/cmr/m/n on input line 5.
LaTeX Font Info:    ... okay on input line 5.
 (/usr/share/texlive/texmf-dist/tex/context/base/supp-pdf.mkii
[Loading MPS to PDF converter (version 2006.09.02).]
\scratchcounter=\count88
\scratchdimen=\dimen105
\scratchbox=\box26
\nofMPsegments=\count89
\nofMParguments=\count90
\everyMPshowfont=\toks15
\MPscratchCnt=\count91
\MPscratchDim=\dimen106
\MPnumerator=\count92
\makeMPintoPDFobject=\count93
\everyMPtoPDFconversion=\toks16
) (/usr/share/texlive/texmf-dist/tex/generic/oberdiek/pdftexcmds.sty
Package: pdftexcmds 2011/11/29 v0.20 Utility functions of pdfTeX for LuaTeX (HO
)

(/usr/share/texlive/texmf-dist/tex/generic/oberdiek/ifluatex.sty
Package: ifluatex 2010/03/01 v1.3 Provides the ifluatex switch (HO)
Package ifluatex Info: LuaTeX not detected.
)
(/usr/share/texlive/texmf-dist/tex/generic/oberdiek/ifpdf.sty
Package: ifpdf 2011/01/30 v2.3 Provides the ifpdf switch (HO)
Package ifpdf Info: pdfTeX in PDF mode is detected.
)
Package pdftexcmds Info: LuaTeX not detected.
Package pdftexcmds Info: \pdf@primitive is available.
Package pdftexcmds Info: \pdf@ifprimitive is available.
Package pdftexcmds Info: \pdfdraftmode found.
)
(/usr/share/texlive/texmf-dist/tex/latex/oberdiek/epstopdf-base.sty
Package: epstopdf-base 2010/02/09 v2.5 Base part for package epstopdf

(/usr/share/texlive/texmf-dist/tex/latex/oberdiek/grfext.sty
Package: grfext 2010/08/19 v1.1 Manage graphics extensions (HO)

(/usr/share/texlive/texmf-dist/tex/generic/oberdiek/kvdefinekeys.sty
Package: kvdefinekeys 2011/04/07 v1.3 Define keys (HO)
))
(/usr/share/texlive/texmf-dist/tex/latex/oberdiek/kvoptions.sty
Package: kvoptions 2011/06/30 v3.11 Key value format for package options (HO)

(/usr/share/texlive/texmf-dist/tex/generic/oberdiek/kvsetkeys.sty
Package: kvsetkeys 2012/04/25 v1.16 Key value parser (HO)

(/usr/share/texlive/texmf-dist/tex/generic/oberdiek/etexcmds.sty
Package: etexcmds 2011/02/16 v1.5 Avoid name clashes with e-TeX commands (HO)
Package etexcmds Info: Could not find \expanded.
(etexcmds)             That can mean that you are not using pdfTeX 1.50 or
(etexcmds)             that some package has redefined \expanded.
(etexcmds)             In the latter case, load this package earlier.
)))
Package grfext Info: Graphics extension search list:
(grfext)             [.png,.pdf,.jpg,.mps,.jpeg,.jbig2,.jb2,.PNG,.PDF,.JPG,.JPE
G,.JBIG2,.JB2,.eps]
(grfext)             \AppendGraphicsExtensions on input line 452.

(/usr/share/texlive/texmf-dist/tex/latex/latexconfig/epstopdf-sys.cfg
File: epstopdf-sys.cfg 2010/07/13 v1.3 Configuration of (r)epstopdf for TeX Liv
e
))
LaTeX Font Info:    External font `cmex10' loaded for size
(Font)              <12> on input line 9.
LaTeX Font Info:    External font `cmex10' loaded for size
(Font)              <8> on input line 9.
LaTeX Font Info:    External font `cmex10' loaded for size
(Font)              <6> on input line 9.

[1

{/var/lib/texmf/fonts/map/pdftex/updmap/pdftex.map}]
LaTeX Font Info:    External font `cmex10' loaded for size
(Font)              <10.95> on input line 23.
 [1]

LaTeX Warning: Citation `weinberger' on page 2 undefined on input line 34.

[2] <kValuesGraph.png, id=22, 578.16pt x 433.62pt>
File: kValuesGraph.png Graphic file (type png)
 <use kValuesGraph.png>
Package pdftex.def Info: kValuesGraph.png used on input line 48.
(pdftex.def)             Requested size: 381.58678pt x 286.19008pt.

Overfull \hbox (32.5368pt too wide) in paragraph at lines 48--51
 [] [] 
 []

[3 <./kValuesGraph.png>] <knnvslmnn.png, id=26, 602.25pt x 372.39125pt>
File: knnvslmnn.png Graphic file (type png)

<use knnvslmnn.png>
Package pdftex.def Info: knnvslmnn.png used on input line 52.
(pdftex.def)             Requested size: 397.48622pt x 245.77898pt.

Overfull \hbox (37.48622pt too wide) in paragraph at lines 52--53
[] 
 []

<AspenPRCurve.png, id=28, 447.6725pt x 408.52625pt>
File: AspenPRCurve.png Graphic file (type png)
 <use AspenPRCurve.png>
Package pdftex.def Info: AspenPRCurve.png used on input line 62.
(pdftex.def)             Requested size: 360.0pt x 328.52945pt.

<AspenROCCurve.png, id=29, 458.71375pt x 412.54124pt>
File: AspenROCCurve.png Graphic file (type png)
 <use AspenROCCurve.png>
Package pdftex.def Info: AspenROCCurve.png used on input line 71.
(pdftex.def)             Requested size: 360.0pt x 323.77635pt.

<CottonwoodPRCurve.png, id=30, 460.72125pt x 407.5225pt>
File: CottonwoodPRCurve.png Graphic file (type png)

<use CottonwoodPRCurve.png>
Package pdftex.def Info: CottonwoodPRCurve.png used on input line 80.
(pdftex.def)             Requested size: 360.0pt x 318.43213pt.

Underfull \hbox (badness 10000) in paragraph at lines 78--85

 []

<CottonwoodROCCurve.png, id=31, 450.68375pt x 413.545pt>
File: CottonwoodROCCurve.png Graphic file (type png)

<use CottonwoodROCCurve.png>
Package pdftex.def Info: CottonwoodROCCurve.png used on input line 90.
(pdftex.def)             Requested size: 360.0pt x 330.35056pt.

<DouglasFirPRCurve.png, id=32, 465.74pt x 402.50375pt>
File: DouglasFirPRCurve.png Graphic file (type png)

<use DouglasFirPRCurve.png>
Package pdftex.def Info: DouglasFirPRCurve.png used on input line 99.
(pdftex.def)             Requested size: 360.0pt x 311.13261pt.

Underfull \hbox (badness 10000) in paragraph at lines 97--104

 []

<DouglasFirROCCurve.png, id=33, 475.7775pt x 410.53375pt>
File: DouglasFirROCCurve.png Graphic file (type png)

<use DouglasFirROCCurve.png>
Package pdftex.def Info: DouglasFirROCCurve.png used on input line 108.
(pdftex.def)             Requested size: 360.0pt x 310.64955pt.

<KrummholzPRCurve.png, id=34, 467.7475pt x 411.5375pt>
File: KrummholzPRCurve.png Graphic file (type png)

<use KrummholzPRCurve.png>
Package pdftex.def Info: KrummholzPRCurve.png used on input line 117.
(pdftex.def)             Requested size: 360.0pt x 316.75299pt.

Underfull \hbox (badness 10000) in paragraph at lines 115--122

 []

<KrummholzROCCurve.png, id=35, 477.785pt x 412.54124pt>
File: KrummholzROCCurve.png Graphic file (type png)

<use KrummholzROCCurve.png>
Package pdftex.def Info: KrummholzROCCurve.png used on input line 126.
(pdftex.def)             Requested size: 360.0pt x 310.8404pt.

<LodgepolePinePRCurve.png, id=36, 468.75125pt x 411.5375pt>
File: LodgepolePinePRCurve.png Graphic file (type png)

<use LodgepolePinePRCurve.png>
Package pdftex.def Info: LodgepolePinePRCurve.png used on input line 135.
(pdftex.def)             Requested size: 360.0pt x 316.05595pt.

<LodgepolePineROCCurve.png, id=37, 458.71375pt x 410.53375pt>
File: LodgepolePineROCCurve.png Graphic file (type png)

<use LodgepolePineROCCurve.png>
Package pdftex.def Info: LodgepolePineROCCurve.png used on input line 144.
(pdftex.def)             Requested size: 360.0pt x 322.20079pt.

<PonderosaPinePRCurve.png, id=38, 465.74pt x 406.51875pt>
File: PonderosaPinePRCurve.png Graphic file (type png)

<use PonderosaPinePRCurve.png>
Package pdftex.def Info: PonderosaPinePRCurve.png used on input line 153.
(pdftex.def)             Requested size: 360.0pt x 314.23618pt.

Underfull \hbox (badness 10000) in paragraph at lines 151--158

 []

<PonderosaPineROCCurve.png, id=39, 451.6875pt x 408.52625pt>
File: PonderosaPineROCCurve.png Graphic file (type png)

<use PonderosaPineROCCurve.png>
Package pdftex.def Info: PonderosaPineROCCurve.png used on input line 162.
(pdftex.def)             Requested size: 360.0pt x 325.61836pt.

<SpruceFirPRCurve.png, id=40, 459.7175pt x 409.53pt>
File: SpruceFirPRCurve.png Graphic file (type png)

<use SpruceFirPRCurve.png>
Package pdftex.def Info: SpruceFirPRCurve.png used on input line 171.
(pdftex.def)             Requested size: 360.0pt x 320.71313pt.

Underfull \hbox (badness 10000) in paragraph at lines 169--176

 []

<SpruceFirROCCurve.png, id=41, 451.6875pt x 415.5525pt>
File: SpruceFirROCCurve.png Graphic file (type png)

<use SpruceFirROCCurve.png>
Package pdftex.def Info: SpruceFirROCCurve.png used on input line 180.
(pdftex.def)             Requested size: 360.0pt x 331.21867pt.
 [4 <./knnvslmnn.png>] [5 <./AspenPRCurve.png>]
[6 <./AspenROCCurve.png>] [7 <./CottonwoodPRCurve.png>] [8 <./CottonwoodROCCurv
e.png>] [9 <./DouglasFirPRCurve.png>] [10 <./DouglasFirROCCurve.png>] [11 <./Kr
ummholzPRCurve.png>] [12 <./KrummholzROCCurve.png>] [13 <./LodgepolePinePRCurve
.png>] [14 <./LodgepolePineROCCurve.png>] [15 <./PonderosaPinePRCurve.png>]
[16 <./PonderosaPineROCCurve.png>] [17 <./SpruceFirPRCurve.png>] [18 <./SpruceF
irROCCurve.png>] [19]
Underfull \hbox (badness 10000) in paragraph at lines 237--238
[]\OT1/cmr/m/n/10.95 Dr Saed Sayad. K Near-est Neigh-bors, 2010, http://chem-
 []

[20] [21] (./finalProjectWriteup.aux)

LaTeX Warning: There were undefined references.


LaTeX Warning: There were multiply-defined labels.

 ) 
Here is how much of TeX's memory you used:
 1588 strings out of 495028
 23495 string characters out of 6181496
 79284 words of memory out of 5000000
 4792 multiletter control sequences out of 15000+600000
 9409 words of font info for 33 fonts, out of 8000000 for 9000
 14 hyphenation exceptions out of 8191
 37i,8n,23p,1064b,266s stack positions out of 5000i,500n,10000p,200000b,80000s
</usr/share/texlive/texmf-dist/fonts/type1/public/amsfonts/cm/cmbx10.pfb></us
r/share/texlive/texmf-dist/fonts/type1/public/amsfonts/cm/cmbx12.pfb></usr/shar
e/texlive/texmf-dist/fonts/type1/public/amsfonts/cm/cmex10.pfb></usr/share/texl
ive/texmf-dist/fonts/type1/public/amsfonts/cm/cmmi10.pfb></usr/share/texlive/te
xmf-dist/fonts/type1/public/amsfonts/cm/cmmi8.pfb></usr/share/texlive/texmf-dis
t/fonts/type1/public/amsfonts/cm/cmr10.pfb></usr/share/texlive/texmf-dist/fonts
/type1/public/amsfonts/cm/cmr12.pfb></usr/share/texlive/texmf-dist/fonts/type1/
public/amsfonts/cm/cmr17.pfb></usr/share/texlive/texmf-dist/fonts/type1/public/
amsfonts/cm/cmr8.pfb></usr/share/texlive/texmf-dist/fonts/type1/public/amsfonts
/cm/cmsy10.pfb>
Output written on finalProjectWriteup.pdf (22 pages, 802681 bytes).
PDF statistics:
 133 PDF objects out of 1000 (max. 8388607)
 81 compressed objects within 1 object stream
 0 named destinations out of 1000 (max. 500000)
 81 words of extra memory for PDF output out of 10000 (max. 10000000)

